0 info it worked if it ends with ok
1 verbose cli [ '/usr/local/bin/node',
1 verbose cli   '/usr/local/bin/npm',
1 verbose cli   'install',
1 verbose cli   '-g',
1 verbose cli   'cordova' ]
2 info using npm@2.14.12
3 info using node@v4.3.0
4 verbose install initial load of /usr/local/lib/package.json
5 verbose readDependencies loading dependencies from /usr/local/lib/package.json
6 silly cache add args [ 'cordova', null ]
7 verbose cache add spec cordova
8 silly cache add parsed spec Result {
8 silly cache add   raw: 'cordova',
8 silly cache add   scope: null,
8 silly cache add   name: 'cordova',
8 silly cache add   rawSpec: '',
8 silly cache add   spec: 'latest',
8 silly cache add   type: 'tag' }
9 silly addNamed cordova@latest
10 verbose addNamed "latest" is being treated as a dist-tag for cordova
11 info addNameTag [ 'cordova', 'latest' ]
12 silly mapToRegistry name cordova
13 silly mapToRegistry using default registry
14 silly mapToRegistry registry https://registry.npmjs.org/
15 silly mapToRegistry uri https://registry.npmjs.org/cordova
16 verbose addNameTag registry:https://registry.npmjs.org/cordova not in flight; fetching
17 verbose request uri https://registry.npmjs.org/cordova
18 verbose request no auth needed
19 info attempt registry request try #1 at 8:14:35 PM
20 verbose request id 8f1b26b0e9e3fa8b
21 http request GET https://registry.npmjs.org/cordova
22 http 200 https://registry.npmjs.org/cordova
23 verbose headers { server: 'CouchDB/1.5.0 (Erlang OTP/R16B03)',
23 verbose headers   etag: '"4FEF2Q004GM1R3GQ6MHX26BBB"',
23 verbose headers   'content-type': 'application/json',
23 verbose headers   'cache-control': 'max-age=300',
23 verbose headers   'content-length': '376440',
23 verbose headers   'accept-ranges': 'bytes',
23 verbose headers   date: 'Tue, 16 Feb 2016 02:14:39 GMT',
23 verbose headers   via: '1.1 varnish',
23 verbose headers   age: '0',
23 verbose headers   connection: 'keep-alive',
23 verbose headers   'x-served-by': 'cache-dfw1835-DFW',
23 verbose headers   'x-cache': 'HIT',
23 verbose headers   'x-cache-hits': '1',
23 verbose headers   'x-timer': 'S1455588879.807599,VS0,VE55',
23 verbose headers   vary: 'Accept' }
24 silly get cb [ 200,
24 silly get   { server: 'CouchDB/1.5.0 (Erlang OTP/R16B03)',
24 silly get     etag: '"4FEF2Q004GM1R3GQ6MHX26BBB"',
24 silly get     'content-type': 'application/json',
24 silly get     'cache-control': 'max-age=300',
24 silly get     'content-length': '376440',
24 silly get     'accept-ranges': 'bytes',
24 silly get     date: 'Tue, 16 Feb 2016 02:14:39 GMT',
24 silly get     via: '1.1 varnish',
24 silly get     age: '0',
24 silly get     connection: 'keep-alive',
24 silly get     'x-served-by': 'cache-dfw1835-DFW',
24 silly get     'x-cache': 'HIT',
24 silly get     'x-cache-hits': '1',
24 silly get     'x-timer': 'S1455588879.807599,VS0,VE55',
24 silly get     vary: 'Accept' } ]
25 verbose get saving cordova to /Users/lauranunez/.npm/registry.npmjs.org/cordova/.cache.json
26 silly addNameTag next cb for cordova with tag latest
27 silly addNamed cordova@6.0.0
28 verbose addNamed "6.0.0" is a plain semver version for cordova
29 silly mapToRegistry name cordova
30 silly mapToRegistry using default registry
31 silly mapToRegistry registry https://registry.npmjs.org/
32 silly mapToRegistry uri https://registry.npmjs.org/cordova
33 verbose addRemoteTarball https://registry.npmjs.org/cordova/-/cordova-6.0.0.tgz not in flight; adding
34 verbose addRemoteTarball [ 'https://registry.npmjs.org/cordova/-/cordova-6.0.0.tgz',
34 verbose addRemoteTarball   '2c1e75a9c0dd6cee8381d5608870087ab44f3e68' ]
35 info retry fetch attempt 1 at 8:14:42 PM
36 info attempt registry request try #1 at 8:14:42 PM
37 http fetch GET https://registry.npmjs.org/cordova/-/cordova-6.0.0.tgz
38 http fetch 200 https://registry.npmjs.org/cordova/-/cordova-6.0.0.tgz
39 silly fetchAndShaCheck shasum 2c1e75a9c0dd6cee8381d5608870087ab44f3e68
40 verbose addTmpTarball /var/folders/5z/mdwl1fl54xd7s_p08600ftch0000gn/T/npm-1223-4bd2528f/registry.npmjs.org/cordova/-/cordova-6.0.0.tgz not in flight; adding
41 verbose addTmpTarball already have metadata; skipping unpack for cordova@6.0.0
42 silly cache afterAdd cordova@6.0.0
43 verbose afterAdd /Users/lauranunez/.npm/cordova/6.0.0/package/package.json not in flight; writing
44 verbose afterAdd /Users/lauranunez/.npm/cordova/6.0.0/package/package.json written
45 silly install resolved [ { name: 'cordova',
45 silly install resolved     version: '6.0.0',
45 silly install resolved     preferGlobal: 'true',
45 silly install resolved     description: 'Cordova command line interface tool',
45 silly install resolved     main: 'cordova',
45 silly install resolved     engines: { node: '>=0.9.9' },
45 silly install resolved     engineStrict: true,
45 silly install resolved     bin: { cordova: './bin/cordova' },
45 silly install resolved     scripts:
45 silly install resolved      { test: 'node node_modules/jasmine-node/bin/jasmine-node --captureExceptions --color spec',
45 silly install resolved        cover: 'node node_modules/istanbul/lib/cli.js cover --root src --print detail node_modules/jasmine-node/bin/jasmine-node -- spec' },
45 silly install resolved     repository:
45 silly install resolved      { type: 'git',
45 silly install resolved        url: 'https://git-wip-us.apache.org/repos/asf/cordova-cli.git' },
45 silly install resolved     bugs:
45 silly install resolved      { url: 'https://issues.apache.org/jira/browse/CB',
45 silly install resolved        email: 'dev@cordova.apache.org' },
45 silly install resolved     keywords: [ 'cordova', 'client', 'cli' ],
45 silly install resolved     dependencies:
45 silly install resolved      { ansi: '^0.3.0',
45 silly install resolved        'cordova-lib': '6.0.0',
45 silly install resolved        q: '1.0.1',
45 silly install resolved        nopt: '3.0.1',
45 silly install resolved        underscore: '1.7.0',
45 silly install resolved        'update-notifier': '^0.5.0' },
45 silly install resolved     devDependencies:
45 silly install resolved      { istanbul: '^0.3.4',
45 silly install resolved        grunt: '0.4.5',
45 silly install resolved        'grunt-retire': '0.3.7',
45 silly install resolved        'jasmine-node': '1.14.5' },
45 silly install resolved     author: { name: 'Anis Kadri' },
45 silly install resolved     contributors:
45 silly install resolved      [ [Object],
45 silly install resolved        [Object],
45 silly install resolved        [Object],
45 silly install resolved        [Object],
45 silly install resolved        [Object],
45 silly install resolved        [Object],
45 silly install resolved        [Object],
45 silly install resolved        [Object],
45 silly install resolved        [Object],
45 silly install resolved        [Object],
45 silly install resolved        [Object],
45 silly install resolved        [Object],
45 silly install resolved        [Object],
45 silly install resolved        [Object],
45 silly install resolved        [Object],
45 silly install resolved        [Object],
45 silly install resolved        [Object],
45 silly install resolved        [Object],
45 silly install resolved        [Object],
45 silly install resolved        [Object],
45 silly install resolved        [Object],
45 silly install resolved        [Object],
45 silly install resolved        [Object],
45 silly install resolved        [Object] ],
45 silly install resolved     license: 'Apache version 2.0',
45 silly install resolved     _id: 'cordova@6.0.0',
45 silly install resolved     _shasum: '2c1e75a9c0dd6cee8381d5608870087ab44f3e68',
45 silly install resolved     _resolved: 'https://registry.npmjs.org/cordova/-/cordova-6.0.0.tgz',
45 silly install resolved     _from: 'cordova@latest',
45 silly install resolved     _npmVersion: '3.5.3',
45 silly install resolved     _nodeVersion: '5.4.1',
45 silly install resolved     _npmUser: { name: 'stevegill', email: 'stevengill97@gmail.com' },
45 silly install resolved     dist:
45 silly install resolved      { shasum: '2c1e75a9c0dd6cee8381d5608870087ab44f3e68',
45 silly install resolved        tarball: 'http://registry.npmjs.org/cordova/-/cordova-6.0.0.tgz' },
45 silly install resolved     maintainers:
45 silly install resolved      [ [Object],
45 silly install resolved        [Object],
45 silly install resolved        [Object],
45 silly install resolved        [Object],
45 silly install resolved        [Object],
45 silly install resolved        [Object],
45 silly install resolved        [Object],
45 silly install resolved        [Object],
45 silly install resolved        [Object],
45 silly install resolved        [Object],
45 silly install resolved        [Object],
45 silly install resolved        [Object],
45 silly install resolved        [Object],
45 silly install resolved        [Object],
45 silly install resolved        [Object],
45 silly install resolved        [Object],
45 silly install resolved        [Object],
45 silly install resolved        [Object] ],
45 silly install resolved     directories: {} } ]
46 info install cordova@6.0.0 into /usr/local/lib
47 info installOne cordova@6.0.0
48 verbose installOne of cordova to /usr/local/lib not in flight; installing
49 verbose makeDirectory /Users/lauranunez/.npm/_locks creation not in flight; initializing
50 silly makeDirectory /Users/lauranunez/.npm/_locks uid: 501 gid: 20
51 verbose lock using /Users/lauranunez/.npm/_locks/cordova-fa12e2e096426a32.lock for /usr/local/lib/node_modules/cordova
52 silly install write writing cordova 6.0.0 to /usr/local/lib/node_modules/cordova
53 verbose unbuild lib/node_modules/cordova
54 silly gentlyRm /usr/local/lib/node_modules/cordova is being purged from base /usr/local
55 verbose gentlyRm don't care about contents; nuking /usr/local/lib/node_modules/cordova
56 verbose tar unpack /Users/lauranunez/.npm/cordova/6.0.0/package.tgz
57 verbose tar unpacking to /usr/local/lib/node_modules/cordova
58 silly gentlyRm /usr/local/lib/node_modules/cordova is being purged
59 verbose gentlyRm don't care about contents; nuking /usr/local/lib/node_modules/cordova
60 silly gunzTarPerm modes [ '755', '644' ]
61 error tar.unpack untar error /Users/lauranunez/.npm/cordova/6.0.0/package.tgz
62 verbose unlock done using /Users/lauranunez/.npm/_locks/cordova-fa12e2e096426a32.lock for /usr/local/lib/node_modules/cordova
63 verbose fstream_path /usr/local/lib/node_modules/cordova
64 verbose fstream_type Directory
65 verbose fstream_class DirWriter
66 verbose stack Error: EACCES: permission denied, mkdir '/usr/local/lib/node_modules/cordova'
66 verbose stack     at Error (native)
67 verbose fstream_stack /usr/local/lib/node_modules/npm/node_modules/fstream/lib/dir-writer.js:35:25
67 verbose fstream_stack /usr/local/lib/node_modules/npm/node_modules/mkdirp/index.js:47:53
67 verbose fstream_stack FSReqWrap.oncomplete (fs.js:82:15)
68 verbose cwd /Users/lauranunez/dev/ap
69 error Darwin 15.3.0
70 error argv "/usr/local/bin/node" "/usr/local/bin/npm" "install" "-g" "cordova"
71 error node v4.3.0
72 error npm  v2.14.12
73 error path /usr/local/lib/node_modules/cordova
74 error code EACCES
75 error errno -13
76 error syscall mkdir
77 error Error: EACCES: permission denied, mkdir '/usr/local/lib/node_modules/cordova'
77 error     at Error (native)
77 error  { [Error: EACCES: permission denied, mkdir '/usr/local/lib/node_modules/cordova']
77 error   errno: -13,
77 error   code: 'EACCES',
77 error   syscall: 'mkdir',
77 error   path: '/usr/local/lib/node_modules/cordova',
77 error   fstream_type: 'Directory',
77 error   fstream_path: '/usr/local/lib/node_modules/cordova',
77 error   fstream_class: 'DirWriter',
77 error   fstream_stack:
77 error    [ '/usr/local/lib/node_modules/npm/node_modules/fstream/lib/dir-writer.js:35:25',
77 error      '/usr/local/lib/node_modules/npm/node_modules/mkdirp/index.js:47:53',
77 error      'FSReqWrap.oncomplete (fs.js:82:15)' ] }
78 error Please try running this command again as root/Administrator.
79 verbose exit [ -13, true ]
80 verbose unbuild lib/node_modules/cordova
81 silly gentlyRm /usr/local/lib/node_modules/cordova is being purged from base /usr/local
82 verbose gentlyRm don't care about contents; nuking /usr/local/lib/node_modules/cordova
